0 info it worked if it ends with ok
1 verbose cli [ '/Users/willhitch26/.nvm/v0.10.25/bin/node',
1 verbose cli   '/Users/willhitch26/.nvm/v0.10.25/bin/npm',
1 verbose cli   'install',
1 verbose cli   'jekyll' ]
2 info using npm@1.3.24
3 info using node@v0.10.25
4 error Error: Invalid name: "Camp Four Creative"
4 error     at ensureValidName (/Users/willhitch26/.nvm/v0.10.25/lib/node_modules/npm/node_modules/read-package-json/node_modules/normalize-package-data/lib/fixer.js:297:15)
4 error     at Object.module.exports.fixNameField (/Users/willhitch26/.nvm/v0.10.25/lib/node_modules/npm/node_modules/read-package-json/node_modules/normalize-package-data/lib/fixer.js:201:5)
4 error     at /Users/willhitch26/.nvm/v0.10.25/lib/node_modules/npm/node_modules/read-package-json/node_modules/normalize-package-data/lib/normalize.js:29:38
4 error     at Array.forEach (native)
4 error     at normalize (/Users/willhitch26/.nvm/v0.10.25/lib/node_modules/npm/node_modules/read-package-json/node_modules/normalize-package-data/lib/normalize.js:28:15)
4 error     at final (/Users/willhitch26/.nvm/v0.10.25/lib/node_modules/npm/node_modules/read-package-json/read-json.js:328:33)
4 error     at then (/Users/willhitch26/.nvm/v0.10.25/lib/node_modules/npm/node_modules/read-package-json/read-json.js:126:33)
4 error     at /Users/willhitch26/.nvm/v0.10.25/lib/node_modules/npm/node_modules/read-package-json/read-json.js:317:40
4 error     at fs.js:266:14
4 error     at /Users/willhitch26/.nvm/v0.10.25/lib/node_modules/npm/node_modules/graceful-fs/graceful-fs.js:103:5
5 error If you need help, you may report this *entire* log,
5 error including the npm and node versions, at:
5 error     <http://github.com/isaacs/npm/issues>
6 error System Darwin 13.2.0
7 error command "/Users/willhitch26/.nvm/v0.10.25/bin/node" "/Users/willhitch26/.nvm/v0.10.25/bin/npm" "install" "jekyll"
8 error cwd /Users/willhitch26/Projects/Development/camp-four-creative
9 error node -v v0.10.25
10 error npm -v 1.3.24
11 verbose exit [ 1, true ]
